[1014/105501.615:ERROR:process_memory_win.cc(73)] ReadMemory at 0x133446f4fd0 of 72 bytes failed: Only part of a ReadProcessMemory or WriteProcessMemory request was completed. (0x12B)
[1014/105501.616:WARNING:pe_image_annotations_reader.cc(134)] could not read annotations list object in C:\Program Files (x86)\Google\Chrome\Application\77.0.3865.90\chrome_elf.dll
[1014/105501.617:ERROR:process_memory_win.cc(73)] ReadMemory at 0x13344d79430 of 72 bytes failed: Only part of a ReadProcessMemory or WriteProcessMemory request was completed. (0x12B)
[1014/105501.617:WARNING:pe_image_annotations_reader.cc(134)] could not read annotations list object in C:\Program Files (x86)\Google\Chrome\Application\77.0.3865.90\chrome_child.dll
[1014/105501.619:ERROR:process_memory_win.cc(73)] ReadMemory at 0x133446f4fd0 of 72 bytes failed: Only part of a ReadProcessMemory or WriteProcessMemory request was completed. (0x12B)
[1014/105501.619:WARNING:pe_image_annotations_reader.cc(134)] could not read annotations list object in C:\Program Files (x86)\Google\Chrome\Application\77.0.3865.90\chrome_elf.dll
[1014/105501.619:ERROR:process_memory_win.cc(73)] ReadMemory at 0x13344d79430 of 72 bytes failed: Only part of a ReadProcessMemory or WriteProcessMemory request was completed. (0x12B)
[1014/105501.619:WARNING:pe_image_annotations_reader.cc(134)] could not read annotations list object in C:\Program Files (x86)\Google\Chrome\Application\77.0.3865.90\chrome_child.dll
[1014/105501.627:ERROR:process_memory_win.cc(73)] ReadMemory at 0x7843f8000 of 32768 bytes failed: Only part of a ReadProcessMemory or WriteProcessMemory request was completed. (0x12B)
[1014/105501.627:ERROR:process_memory_win.cc(73)] ReadMemory at 0x784bfd000 of 12288 bytes failed: Only part of a ReadProcessMemory or WriteProcessMemory request was completed. (0x12B)
[1014/105501.627:ERROR:process_memory_win.cc(73)] ReadMemory at 0x7853fd000 of 12288 bytes failed: Only part of a ReadProcessMemory or WriteProcessMemory request was completed. (0x12B)
[1014/105501.627:ERROR:process_memory_win.cc(73)] ReadMemory at 0x785bfd000 of 12288 bytes failed: Only part of a ReadProcessMemory or WriteProcessMemory request was completed. (0x12B)
[1014/105501.627:ERROR:process_memory_win.cc(73)] ReadMemory at 0x7863fc000 of 16384 bytes failed: Only part of a ReadProcessMemory or WriteProcessMemory request was completed. (0x12B)
[1014/105501.627:ERROR:process_memory_win.cc(73)] ReadMemory at 0x786bfe000 of 8192 bytes failed: Only part of a ReadProcessMemory or WriteProcessMemory request was completed. (0x12B)
[1014/105501.628:ERROR:process_memory_win.cc(73)] ReadMemory at 0x7873fd000 of 12288 bytes failed: Only part of a ReadProcessMemory or WriteProcessMemory request was completed. (0x12B)
[1014/105501.628:ERROR:process_memory_win.cc(73)] ReadMemory at 0x787bfd000 of 12288 bytes failed: Only part of a ReadProcessMemory or WriteProcessMemory request was completed. (0x12B)
[1014/105501.628:ERROR:process_memory_win.cc(73)] ReadMemory at 0x7883fd000 of 12288 bytes failed: Only part of a ReadProcessMemory or WriteProcessMemory request was completed. (0x12B)
[1014/105501.628:ERROR:process_memory_win.cc(73)] ReadMemory at 0x788bfd000 of 12288 bytes failed: Only part of a ReadProcessMemory or WriteProcessMemory request was completed. (0x12B)
[1014/105501.628:ERROR:process_memory_win.cc(73)] ReadMemory at 0x7893fd000 of 12288 bytes failed: Only part of a ReadProcessMemory or WriteProcessMemory request was completed. (0x12B)
[1014/105501.628:ERROR:process_memory_win.cc(73)] ReadMemory at 0x789bfd000 of 12288 bytes failed: Only part of a ReadProcessMemory or WriteProcessMemory request was completed. (0x12B)
[1014/105501.628:ERROR:process_memory_win.cc(73)] ReadMemory at 0x78a3fd000 of 12288 bytes failed: Only part of a ReadProcessMemory or WriteProcessMemory request was completed. (0x12B)
[1014/105501.628:ERROR:process_memory_win.cc(73)] ReadMemory at 0x783a64000 of 852 bytes failed: Only part of a ReadProcessMemory or WriteProcessMemory request was completed. (0x12B)
[1014/105501.628:ERROR:process_memory_win.cc(73)] ReadMemory at 0x783a65000 of 6024 bytes failed: Only part of a ReadProcessMemory or WriteProcessMemory request was completed. (0x12B)
[1014/105501.628:ERROR:process_memory_win.cc(73)] ReadMemory at 0x783a67000 of 6024 bytes failed: Only part of a ReadProcessMemory or WriteProcessMemory request was completed. (0x12B)
[1014/105501.629:ERROR:process_memory_win.cc(73)] ReadMemory at 0x783a69000 of 6024 bytes failed: Only part of a ReadProcessMemory or WriteProcessMemory request was completed. (0x12B)
[1014/105501.629:ERROR:process_memory_win.cc(73)] ReadMemory at 0x783a6b000 of 6024 bytes failed: Only part of a ReadProcessMemory or WriteProcessMemory request was completed. (0x12B)
[1014/105501.629:ERROR:process_memory_win.cc(73)] ReadMemory at 0x783a6d000 of 6024 bytes failed: Only part of a ReadProcessMemory or WriteProcessMemory request was completed. (0x12B)
[1014/105501.629:ERROR:process_memory_win.cc(73)] ReadMemory at 0x783a6f000 of 6024 bytes failed: Only part of a ReadProcessMemory or WriteProcessMemory request was completed. (0x12B)
[1014/105501.629:ERROR:process_memory_win.cc(73)] ReadMemory at 0x783a71000 of 6024 bytes failed: Only part of a ReadProcessMemory or WriteProcessMemory request was completed. (0x12B)
[1014/105501.629:ERROR:process_memory_win.cc(73)] ReadMemory at 0x783a73000 of 6024 bytes failed: Only part of a ReadProcessMemory or WriteProcessMemory request was completed. (0x12B)
[1014/105501.629:ERROR:process_memory_win.cc(73)] ReadMemory at 0x783a75000 of 6024 bytes failed: Only part of a ReadProcessMemory or WriteProcessMemory request was completed. (0x12B)
[1014/105501.629:ERROR:process_memory_win.cc(73)] ReadMemory at 0x783a77000 of 6024 bytes failed: Only part of a ReadProcessMemory or WriteProcessMemory request was completed. (0x12B)
[1014/105501.629:ERROR:process_memory_win.cc(73)] ReadMemory at 0x783a79000 of 6024 bytes failed: Only part of a ReadProcessMemory or WriteProcessMemory request was completed. (0x12B)
[1014/105501.629:ERROR:process_memory_win.cc(73)] ReadMemory at 0x783a7b000 of 6024 bytes failed: Only part of a ReadProcessMemory or WriteProcessMemory request was completed. (0x12B)
[1014/105501.629:ERROR:process_memory_win.cc(73)] ReadMemory at 0x783a7d000 of 6024 bytes failed: Only part of a ReadProcessMemory or WriteProcessMemory request was completed. (0x12B)
[1014/105501.629:ERROR:process_memory_win.cc(73)] ReadMemory at 0x13344770fc0 of 16336 bytes failed: Only part of a ReadProcessMemory or WriteProcessMemory request was completed. (0x12B)
[1014/105501.630:ERROR:process_memory_win.cc(73)] ReadMemory at 0x13344774fa0 of 1012 bytes failed: Only part of a ReadProcessMemory or WriteProcessMemory request was completed. (0x12B)
[1014/105501.630:ERROR:process_memory_win.cc(73)] ReadMemory at 0x133447755b8 of 118 bytes failed: Only part of a ReadProcessMemory or WriteProcessMemory request was completed. (0x12B)
[1014/105501.630:ERROR:process_memory_win.cc(73)] ReadMemory at 0x13344775630 of 856 bytes failed: Only part of a ReadProcessMemory or WriteProcessMemory request was completed. (0x12B)
[1014/105501.630:ERROR:process_memory_win.cc(73)] ReadMemory at 0x1334477598a of 118 bytes failed: Only part of a ReadProcessMemory or WriteProcessMemory request was completed. (0x12B)
[1014/105501.630:ERROR:process_memory_win.cc(73)] ReadMemory at 0x13344775a02 of 100 bytes failed: Only part of a ReadProcessMemory or WriteProcessMemory request was completed. (0x12B)
[1014/105501.630:ERROR:process_memory_win.cc(73)] ReadMemory at 0x13344775a80 of 58 bytes failed: Only part of a ReadProcessMemory or WriteProcessMemory request was completed. (0x12B)
[1014/105501.630:ERROR:process_memory_win.cc(73)] ReadMemory at 0x13344775b80 of 132 bytes failed: Only part of a ReadProcessMemory or WriteProcessMemory request was completed. (0x12B)
[1014/105501.630:ERROR:process_memory_win.cc(73)] ReadMemory at 0x13344775d10 of 132 bytes failed: Only part of a ReadProcessMemory or WriteProcessMemory request was completed. (0x12B)
[1014/105501.630:ERROR:process_memory_win.cc(73)] ReadMemory at 0x13344775ed0 of 124 bytes failed: Only part of a ReadProcessMemory or WriteProcessMemory request was completed. (0x12B)
[1014/105501.630:ERROR:process_memory_win.cc(73)] ReadMemory at 0x13344776290 of 132 bytes failed: Only part of a ReadProcessMemory or WriteProcessMemory request was completed. (0x12B)
[1014/105501.630:ERROR:process_memory_win.cc(73)] ReadMemory at 0x13344776420 of 64 bytes failed: Only part of a ReadProcessMemory or WriteProcessMemory request was completed. (0x12B)
[1014/105501.631:ERROR:process_memory_win.cc(73)] ReadMemory at 0x13344776470 of 132 bytes failed: Only part of a ReadProcessMemory or WriteProcessMemory request was completed. (0x12B)
[1014/105501.631:ERROR:process_memory_win.cc(73)] ReadMemory at 0x133447767a0 of 132 bytes failed: Only part of a ReadProcessMemory or WriteProcessMemory request was completed. (0x12B)
[1014/105501.631:ERROR:process_memory_win.cc(73)] ReadMemory at 0x13344776930 of 68 bytes failed: Only part of a ReadProcessMemory or WriteProcessMemory request was completed. (0x12B)
[1014/105501.631:ERROR:process_memory_win.cc(73)] ReadMemory at 0x13344777730 of 132 bytes failed: Only part of a ReadProcessMemory or WriteProcessMemory request was completed. (0x12B)
[1014/105501.631:ERROR:process_memory_win.cc(73)] ReadMemory at 0x13344777860 of 156 bytes failed: Only part of a ReadProcessMemory or WriteProcessMemory request was completed. (0x12B)
[1014/105501.631:ERROR:process_memory_win.cc(73)] ReadMemory at 0x13344777920 of 132 bytes failed: Only part of a ReadProcessMemory or WriteProcessMemory request was completed. (0x12B)
[1014/105501.631:ERROR:process_memory_win.cc(73)] ReadMemory at 0x13344777a50 of 152 bytes failed: Only part of a ReadProcessMemory or WriteProcessMemory request was completed. (0x12B)
[1014/105501.631:ERROR:process_memory_win.cc(73)] ReadMemory at 0x13344778580 of 132 bytes failed: Only part of a ReadProcessMemory or WriteProcessMemory request was completed. (0x12B)
[1014/105501.631:ERROR:process_memory_win.cc(73)] ReadMemory at 0x13344778840 of 62 bytes failed: Only part of a ReadProcessMemory or WriteProcessMemory request was completed. (0x12B)
[1014/105501.631:ERROR:process_memory_win.cc(73)] ReadMemory at 0x13344778980 of 132 bytes failed: Only part of a ReadProcessMemory or WriteProcessMemory request was completed. (0x12B)
[1014/105501.631:ERROR:process_memory_win.cc(73)] ReadMemory at 0x13344778b10 of 60 bytes failed: Only part of a ReadProcessMemory or WriteProcessMemory request was completed. (0x12B)
[1014/105501.631:ERROR:process_memory_win.cc(73)] ReadMemory at 0x1334477c7d0 of 132 bytes failed: Only part of a ReadProcessMemory or WriteProcessMemory request was completed. (0x12B)
[1014/105501.631:ERROR:process_memory_win.cc(73)] ReadMemory at 0x1334477c900 of 132 bytes failed: Only part of a ReadProcessMemory or WriteProcessMemory request was completed. (0x12B)
[1014/105501.631:ERROR:process_memory_win.cc(73)] ReadMemory at 0x1334477ca30 of 132 bytes failed: Only part of a ReadProcessMemory or WriteProcessMemory request was completed. (0x12B)
[1014/105501.631:ERROR:process_memory_win.cc(73)] ReadMemory at 0x1334477d990 of 132 bytes failed: Only part of a ReadProcessMemory or WriteProcessMemory request was completed. (0x12B)
[1014/105501.631:ERROR:process_memory_win.cc(73)] ReadMemory at 0x1334477db20 of 80 bytes failed: Only part of a ReadProcessMemory or WriteProcessMemory request was completed. (0x12B)
[1014/105501.631:ERROR:process_memory_win.cc(73)] ReadMemory at 0x13344782b10 of 54 bytes failed: Only part of a ReadProcessMemory or WriteProcessMemory request was completed. (0x12B)
[1014/105501.631:ERROR:process_memory_win.cc(73)] ReadMemory at 0x13344783e20 of 132 bytes failed: Only part of a ReadProcessMemory or WriteProcessMemory request was completed. (0x12B)
[1014/105501.631:ERROR:process_memory_win.cc(73)] ReadMemory at 0x13344783f50 of 132 bytes failed: Only part of a ReadProcessMemory or WriteProcessMemory request was completed. (0x12B)
[1014/105501.631:ERROR:process_memory_win.cc(73)] ReadMemory at 0x13344784080 of 132 bytes failed: Only part of a ReadProcessMemory or WriteProcessMemory request was completed. (0x12B)
[1014/105501.632:ERROR:process_memory_win.cc(73)] ReadMemory at 0x13344785f40 of 58 bytes failed: Only part of a ReadProcessMemory or WriteProcessMemory request was completed. (0x12B)
[1014/105501.632:ERROR:process_memory_win.cc(73)] ReadMemory at 0x13344785f90 of 64 bytes failed: Only part of a ReadProcessMemory or WriteProcessMemory request was completed. (0x12B)
[1014/105501.632:ERROR:process_memory_win.cc(73)] ReadMemory at 0x13344785fe0 of 58 bytes failed: Only part of a ReadProcessMemory or WriteProcessMemory request was completed. (0x12B)
[1014/105501.632:ERROR:process_memory_win.cc(73)] ReadMemory at 0x13344786030 of 66 bytes failed: Only part of a ReadProcessMemory or WriteProcessMemory request was completed. (0x12B)
[1014/105501.632:ERROR:process_memory_win.cc(73)] ReadMemory at 0x13344786080 of 64 bytes failed: Only part of a ReadProcessMemory or WriteProcessMemory request was completed. (0x12B)
[1014/105501.632:ERROR:process_memory_win.cc(73)] ReadMemory at 0x133447860d0 of 62 bytes failed: Only part of a ReadProcessMemory or WriteProcessMemory request was completed. (0x12B)
[1014/105501.632:ERROR:process_memory_win.cc(73)] ReadMemory at 0x13344786120 of 64 bytes failed: Only part of a ReadProcessMemory or WriteProcessMemory request was completed. (0x12B)
[1014/105501.632:ERROR:process_memory_win.cc(73)] ReadMemory at 0x13344786170 of 60 bytes failed: Only part of a ReadProcessMemory or WriteProcessMemory request was completed. (0x12B)
[1014/105501.632:ERROR:process_memory_win.cc(73)] ReadMemory at 0x133447861c0 of 66 bytes failed: Only part of a ReadProcessMemory or WriteProcessMemory request was completed. (0x12B)
[1014/105501.632:ERROR:process_memory_win.cc(73)] ReadMemory at 0x13344786210 of 60 bytes failed: Only part of a ReadProcessMemory or WriteProcessMemory request was completed. (0x12B)
[1014/105501.632:ERROR:process_memory_win.cc(73)] ReadMemory at 0x13344786260 of 64 bytes failed: Only part of a ReadProcessMemory or WriteProcessMemory request was completed. (0x12B)
[1014/105501.632:ERROR:process_memory_win.cc(73)] ReadMemory at 0x133447862b0 of 60 bytes failed: Only part of a ReadProcessMemory or WriteProcessMemory request was completed. (0x12B)
[1014/105501.632:ERROR:process_memory_win.cc(73)] ReadMemory at 0x13344786300 of 62 bytes failed: Only part of a ReadProcessMemory or WriteProcessMemory request was completed. (0x12B)
[1014/105501.632:ERROR:process_memory_win.cc(73)] ReadMemory at 0x13344786350 of 62 bytes failed: Only part of a ReadProcessMemory or WriteProcessMemory request was completed. (0x12B)
[1014/105501.632:ERROR:process_memory_win.cc(73)] ReadMemory at 0x133447863a0 of 60 bytes failed: Only part of a ReadProcessMemory or WriteProcessMemory request was completed. (0x12B)
[1014/105501.632:ERROR:process_memory_win.cc(73)] ReadMemory at 0x133447863f0 of 60 bytes failed: Only part of a ReadProcessMemory or WriteProcessMemory request was completed. (0x12B)
[1014/105501.632:ERROR:process_memory_win.cc(73)] ReadMemory at 0x13344786490 of 60 bytes failed: Only part of a ReadProcessMemory or WriteProcessMemory request was completed. (0x12B)
[1014/105501.633:ERROR:process_memory_win.cc(73)] ReadMemory at 0x13344786580 of 62 bytes failed: Only part of a ReadProcessMemory or WriteProcessMemory request was completed. (0x12B)
[1014/105501.633:ERROR:process_memory_win.cc(73)] ReadMemory at 0x133447865d0 of 64 bytes failed: Only part of a ReadProcessMemory or WriteProcessMemory request was completed. (0x12B)
[1014/105501.633:ERROR:process_memory_win.cc(73)] ReadMemory at 0x13344786620 of 62 bytes failed: Only part of a ReadProcessMemory or WriteProcessMemory request was completed. (0x12B)
[1014/105501.633:ERROR:process_memory_win.cc(73)] ReadMemory at 0x13344786670 of 64 bytes failed: Only part of a ReadProcessMemory or WriteProcessMemory request was completed. (0x12B)
[1014/105501.633:ERROR:process_memory_win.cc(73)] ReadMemory at 0x133447889e0 of 132 bytes failed: Only part of a ReadProcessMemory or WriteProcessMemory request was completed. (0x12B)
[1014/105501.633:ERROR:process_memory_win.cc(73)] ReadMemory at 0x13344788c60 of 132 bytes failed: Only part of a ReadProcessMemory or WriteProcessMemory request was completed. (0x12B)
[1014/105501.633:ERROR:process_memory_win.cc(73)] ReadMemory at 0x13344788d90 of 132 bytes failed: Only part of a ReadProcessMemory or WriteProcessMemory request was completed. (0x12B)
[1014/105501.633:ERROR:process_memory_win.cc(73)] ReadMemory at 0x13344788ec0 of 132 bytes failed: Only part of a ReadProcessMemory or WriteProcessMemory request was completed. (0x12B)
[1014/105501.633:ERROR:process_memory_win.cc(73)] ReadMemory at 0x13344789120 of 132 bytes failed: Only part of a ReadProcessMemory or WriteProcessMemory request was completed. (0x12B)
[1014/105501.633:ERROR:process_memory_win.cc(73)] ReadMemory at 0x13344789380 of 132 bytes failed: Only part of a ReadProcessMemory or WriteProcessMemory request was completed. (0x12B)
[1014/105501.633:ERROR:process_memory_win.cc(73)] ReadMemory at 0x133447894b0 of 132 bytes failed: Only part of a ReadProcessMemory or WriteProcessMemory request was completed. (0x12B)
[1014/105501.633:ERROR:process_memory_win.cc(73)] ReadMemory at 0x133447895e0 of 132 bytes failed: Only part of a ReadProcessMemory or WriteProcessMemory request was completed. (0x12B)
[1014/105501.633:ERROR:process_memory_win.cc(73)] ReadMemory at 0x13344789710 of 132 bytes failed: Only part of a ReadProcessMemory or WriteProcessMemory request was completed. (0x12B)
[1014/105501.633:ERROR:process_memory_win.cc(73)] ReadMemory at 0x13344789840 of 132 bytes failed: Only part of a ReadProcessMemory or WriteProcessMemory request was completed. (0x12B)
[1014/105501.633:ERROR:process_memory_win.cc(73)] ReadMemory at 0x13344789970 of 132 bytes failed: Only part of a ReadProcessMemory or WriteProcessMemory request was completed. (0x12B)
[1014/105501.633:ERROR:process_memory_win.cc(73)] ReadMemory at 0x13344789aa0 of 132 bytes failed: Only part of a ReadProcessMemory or WriteProcessMemory request was completed. (0x12B)
[1014/105501.633:ERROR:process_memory_win.cc(73)] ReadMemory at 0x1334478ac80 of 132 bytes failed: Only part of a ReadProcessMemory or WriteProcessMemory request was completed. (0x12B)
[1014/105501.634:ERROR:process_memory_win.cc(73)] ReadMemory at 0x1334478adb0 of 132 bytes failed: Only part of a ReadProcessMemory or WriteProcessMemory request was completed. (0x12B)
[1014/105501.634:ERROR:process_memory_win.cc(73)] ReadMemory at 0x1334478aee0 of 132 bytes failed: Only part of a ReadProcessMemory or WriteProcessMemory request was completed. (0x12B)
[1014/105501.634:ERROR:process_memory_win.cc(73)] ReadMemory at 0x1334478b010 of 132 bytes failed: Only part of a ReadProcessMemory or WriteProcessMemory request was completed. (0x12B)
[1014/105501.634:ERROR:process_memory_win.cc(73)] ReadMemory at 0x1334478b3a0 of 132 bytes failed: Only part of a ReadProcessMemory or WriteProcessMemory request was completed. (0x12B)
[1014/105501.634:ERROR:process_memory_win.cc(73)] ReadMemory at 0x1334478b4d0 of 132 bytes failed: Only part of a ReadProcessMemory or WriteProcessMemory request was completed. (0x12B)
[1014/105501.634:ERROR:process_memory_win.cc(73)] ReadMemory at 0x1334478b600 of 132 bytes failed: Only part of a ReadProcessMemory or WriteProcessMemory request was completed. (0x12B)
[1014/105501.634:ERROR:process_memory_win.cc(73)] ReadMemory at 0x1334478b860 of 132 bytes failed: Only part of a ReadProcessMemory or WriteProcessMemory request was completed. (0x12B)
[1014/105501.634:ERROR:process_memory_win.cc(73)] ReadMemory at 0x1334478be50 of 132 bytes failed: Only part of a ReadProcessMemory or WriteProcessMemory request was completed. (0x12B)
[1014/105501.634:ERROR:process_memory_win.cc(73)] ReadMemory at 0x1334478c0b0 of 132 bytes failed: Only part of a ReadProcessMemory or WriteProcessMemory request was completed. (0x12B)
[1014/105501.634:ERROR:process_memory_win.cc(73)] ReadMemory at 0x1334478c570 of 132 bytes failed: Only part of a ReadProcessMemory or WriteProcessMemory request was completed. (0x12B)
[1014/105501.634:ERROR:process_memory_win.cc(73)] ReadMemory at 0x1334478c900 of 132 bytes failed: Only part of a ReadProcessMemory or WriteProcessMemory request was completed. (0x12B)
[1014/105501.634:ERROR:process_memory_win.cc(73)] ReadMemory at 0x1334478cfb0 of 62 bytes failed: Only part of a ReadProcessMemory or WriteProcessMemory request was completed. (0x12B)
[1014/105501.634:ERROR:process_memory_win.cc(73)] ReadMemory at 0x1334478d000 of 62 bytes failed: Only part of a ReadProcessMemory or WriteProcessMemory request was completed. (0x12B)
[1014/105501.635:ERROR:process_memory_win.cc(73)] ReadMemory at 0x1334478d0f0 of 66 bytes failed: Only part of a ReadProcessMemory or WriteProcessMemory request was completed. (0x12B)
[1014/105501.635:ERROR:process_memory_win.cc(73)] ReadMemory at 0x1334478d3c0 of 64 bytes failed: Only part of a ReadProcessMemory or WriteProcessMemory request was completed. (0x12B)
[1014/105501.635:ERROR:process_memory_win.cc(73)] ReadMemory at 0x1334478d460 of 62 bytes failed: Only part of a ReadProcessMemory or WriteProcessMemory request was completed. (0x12B)
[1014/105501.635:ERROR:process_memory_win.cc(73)] ReadMemory at 0x1334478d4b0 of 64 bytes failed: Only part of a ReadProcessMemory or WriteProcessMemory request was completed. (0x12B)
[1014/105501.635:ERROR:process_memory_win.cc(73)] ReadMemory at 0x1334478da00 of 62 bytes failed: Only part of a ReadProcessMemory or WriteProcessMemory request was completed. (0x12B)
[1014/105501.635:ERROR:process_memory_win.cc(73)] ReadMemory at 0x1334478daa0 of 60 bytes failed: Only part of a ReadProcessMemory or WriteProcessMemory request was completed. (0x12B)
[1014/105501.635:ERROR:process_memory_win.cc(73)] ReadMemory at 0x1334478dbe0 of 58 bytes failed: Only part of a ReadProcessMemory or WriteProcessMemory request was completed. (0x12B)
[1014/105501.635:ERROR:process_memory_win.cc(73)] ReadMemory at 0x1334479db00 of 512 bytes failed: Only part of a ReadProcessMemory or WriteProcessMemory request was completed. (0x12B)
[1014/105501.635:ERROR:process_memory_win.cc(73)] ReadMemory at 0x1334479ea50 of 512 bytes failed: Only part of a ReadProcessMemory or WriteProcessMemory request was completed. (0x12B)
[1014/105501.635:ERROR:process_memory_win.cc(73)] ReadMemory at 0x13344940c70 of 512 bytes failed: Only part of a ReadProcessMemory or WriteProcessMemory request was completed. (0x12B)
[1014/105501.635:ERROR:process_memory_win.cc(73)] ReadMemory at 0x133449410c0 of 512 bytes failed: Only part of a ReadProcessMemory or WriteProcessMemory request was completed. (0x12B)
[1014/105501.635:ERROR:process_memory_win.cc(73)] ReadMemory at 0x13344d82880 of 512 bytes failed: Only part of a ReadProcessMemory or WriteProcessMemory request was completed. (0x12B)
[1014/105501.635:ERROR:process_memory_win.cc(73)] ReadMemory at 0x13344daa060 of 608 bytes failed: Only part of a ReadProcessMemory or WriteProcessMemory request was completed. (0x12B)
[1014/105501.635:ERROR:process_memory_win.cc(73)] ReadMemory at 0x13344db5080 of 512 bytes failed: Only part of a ReadProcessMemory or WriteProcessMemory request was completed. (0x12B)
[1014/105501.635:ERROR:process_memory_win.cc(73)] ReadMemory at 0x13344dba0b0 of 512 bytes failed: Only part of a ReadProcessMemory or WriteProcessMemory request was completed. (0x12B)
[1014/105501.635:ERROR:process_memory_win.cc(73)] ReadMemory at 0x13344df5f50 of 512 bytes failed: Only part of a ReadProcessMemory or WriteProcessMemory request was completed. (0x12B)
[1014/105501.636:ERROR:process_memory_win.cc(73)] ReadMemory at 0x13344dfed30 of 712 bytes failed: Only part of a ReadProcessMemory or WriteProcessMemory request was completed. (0x12B)
[1014/105501.636:ERROR:process_memory_win.cc(73)] ReadMemory at 0x13344e17620 of 512 bytes failed: Only part of a ReadProcessMemory or WriteProcessMemory request was completed. (0x12B)
[1014/105501.636:ERROR:process_memory_win.cc(73)] ReadMemory at 0x13344e2bf50 of 512 bytes failed: Only part of a ReadProcessMemory or WriteProcessMemory request was completed. (0x12B)
[1014/105501.636:ERROR:process_memory_win.cc(73)] ReadMemory at 0x13346a4a720 of 512 bytes failed: Only part of a ReadProcessMemory or WriteProcessMemory request was completed. (0x12B)
[1014/105501.636:ERROR:process_memory_win.cc(73)] ReadMemory at 0x13346ba9240 of 512 bytes failed: Only part of a ReadProcessMemory or WriteProcessMemory request was completed. (0x12B)
[1014/105501.636:ERROR:process_memory_win.cc(73)] ReadMemory at 0x13346bab478 of 512 bytes failed: Only part of a ReadProcessMemory or WriteProcessMemory request was completed. (0x12B)
[1014/105501.636:ERROR:process_memory_win.cc(73)] ReadMemory at 0x133470a3940 of 512 bytes failed: Only part of a ReadProcessMemory or WriteProcessMemory request was completed. (0x12B)
[1014/105501.636:ERROR:process_memory_win.cc(73)] ReadMemory at 0x7ffcd81d6acc of 512 bytes failed: Only part of a ReadProcessMemory or WriteProcessMemory request was completed. (0x12B)
[1014/105501.636:ERROR:process_memory_win.cc(73)] ReadMemory at 0x7ffcd89475a2 of 553 bytes failed: Only part of a ReadProcessMemory or WriteProcessMemory request was completed. (0x12B)
[1014/105501.636:ERROR:process_memory_win.cc(73)] ReadMemory at 0x7ffd10df2010 of 512 bytes failed: Only part of a ReadProcessMemory or WriteProcessMemory request was completed. (0x12B)
[1014/105501.636:ERROR:process_memory_win.cc(73)] ReadMemory at 0x7ffd11166090 of 512 bytes failed: Only part of a ReadProcessMemory or WriteProcessMemory request was completed. (0x12B)
[1014/105501.636:ERROR:process_memory_win.cc(73)] ReadMemory at 0x7ffd11166530 of 512 bytes failed: Only part of a ReadProcessMemory or WriteProcessMemory request was completed. (0x12B)
[1014/105501.636:ERROR:process_memory_win.cc(73)] ReadMemory at 0x7ffd111f5324 of 672 bytes failed: Only part of a ReadProcessMemory or WriteProcessMemory request was completed. (0x12B)
[1014/105501.636:ERROR:process_memory_win.cc(73)] ReadMemory at 0x7ffd111f5924 of 512 bytes failed: Only part of a ReadProcessMemory or WriteProcessMemory request was completed. (0x12B)
[1014/105501.636:ERROR:process_memory_win.cc(73)] ReadMemory at 0x7ffd111f8ad4 of 608 bytes failed: Only part of a ReadProcessMemory or WriteProcessMemory request was completed. (0x12B)
[1014/105501.636:ERROR:process_memory_win.cc(73)] ReadMemory at 0x7ffd111fbe03 of 512 bytes failed: Only part of a ReadProcessMemory or WriteProcessMemory request was completed. (0x12B)
[1014/105501.636:ERROR:process_memory_win.cc(73)] ReadMemory at 0x7ffd11273930 of 18 bytes failed: Only part of a ReadProcessMemory or WriteProcessMemory request was completed. (0x12B)
[1014/105501.637:ERROR:process_memory_win.cc(73)] ReadMemory at 0x7ffd112a55a8 of 40 bytes failed: Only part of a ReadProcessMemory or WriteProcessMemory request was completed. (0x12B)
[1014/105501.637:ERROR:process_memory_win.cc(73)] ReadMemory at 0x7ffd112a59a8 of 48 bytes failed: Only part of a ReadProcessMemory or WriteProcessMemory request was completed. (0x12B)
[1014/105501.637:ERROR:process_memory_win.cc(73)] ReadMemory at 0x7ffd112ab340 of 64 bytes failed: Only part of a ReadProcessMemory or WriteProcessMemory request was completed. (0x12B)
[1014/105501.639:ERROR:scoped_process_suspend.cc(40)] NtResumeProcess: An attempt was made to access an exiting process. (0xc000010a)
[1015/155900.584:ERROR:process_reader_win.cc(151)] SuspendThread: Access is denied. (0x5)
[1015/155900.599:ERROR:exception_snapshot_win.cc(98)] thread ID 8056 not found in process
[1015/155900.599:ERROR:scoped_process_suspend.cc(40)] NtResumeProcess: An attempt was made to access an exiting process. (0xc000010a)
